2017-09-16 15:12:17:CynCryptolib.CynLogger:INFO:#### EXECUTION STARTED ####
2017-09-16 15:12:17:CynCryptolib.CynLogger:INFO:Default Logger configuration successful loaded.
2017-09-16 15:12:17:CynCryptolib.CynLogger:INFO:User Logger configuration successful loaded.
2017-09-16 15:13:19:CynCrypto.lib.CynLogger:INFO:#### EXECUTION STARTED ####
2017-09-16 15:13:19:CynCrypto.lib.CynLogger:INFO:Default Logger configuration successful loaded.
2017-09-16 15:13:19:CynCrypto.lib.CynLogger:INFO:User Logger configuration successful loaded.
2017-09-16 15:13:19:CynCrypto.__main__:INFO:Test
2017-09-16 17:53:11:CynCrypto.lib.CynLogger:INFO:#### EXECUTION STARTED ####
2017-09-16 17:53:11:CynCrypto.lib.CynLogger:INFO:Default Logger configuration successful loaded.
2017-09-16 17:53:11:CynCrypto.lib.CynLogger:INFO:User Logger configuration successful loaded.
2017-09-16 17:56:30:CynCrypto.lib.CynLogger:INFO:#### EXECUTION STARTED ####
2017-09-16 17:56:30:CynCrypto.lib.CynLogger:INFO:Default Logger configuration successful loaded.
2017-09-16 17:56:30:CynCrypto.lib.CynLogger:INFO:User Logger configuration successful loaded.
2017-09-16 17:56:48:CynCrypto.lib.CynLogger:INFO:#### EXECUTION STARTED ####
2017-09-16 17:56:48:CynCrypto.lib.CynLogger:INFO:Default Logger configuration successful loaded.
2017-09-16 17:56:48:CynCrypto.lib.CynLogger:INFO:User Logger configuration successful loaded.
2017-09-16 18:09:48:CynCrypto.lib.CynLogger:INFO:#### EXECUTION STARTED ####
2017-09-16 18:09:48:CynCrypto.lib.CynLogger:INFO:Default Logger configuration successful loaded.
2017-09-16 18:09:48:CynCrypto.lib.CynLogger:INFO:User Logger configuration successful loaded.
2017-09-16 18:10:30:CynCrypto.lib.CynLogger:INFO:#### EXECUTION STARTED ####
2017-09-16 18:10:30:CynCrypto.lib.CynLogger:INFO:Default Logger configuration successful loaded.
2017-09-16 18:10:30:CynCrypto.lib.CynLogger:INFO:User Logger configuration successful loaded.
2017-09-16 18:11:23:CynCrypto.lib.CynLogger:INFO:#### EXECUTION STARTED ####
2017-09-16 18:11:23:CynCrypto.lib.CynLogger:INFO:Default Logger configuration successful loaded.
2017-09-16 18:11:23:CynCrypto.lib.CynLogger:INFO:User Logger configuration successful loaded.
2017-09-16 18:11:45:CynCrypto.lib.CynLogger:INFO:#### EXECUTION STARTED ####
2017-09-16 18:11:45:CynCrypto.lib.CynLogger:INFO:Default Logger configuration successful loaded.
2017-09-16 18:11:45:CynCrypto.lib.CynLogger:INFO:User Logger configuration successful loaded.
2017-09-16 18:12:09:CynCrypto.lib.CynLogger:INFO:#### EXECUTION STARTED ####
2017-09-16 18:12:09:CynCrypto.lib.CynLogger:INFO:Default Logger configuration successful loaded.
2017-09-16 18:12:09:CynCrypto.lib.CynLogger:INFO:User Logger configuration successful loaded.
2017-09-16 18:15:10:CynCrypto.lib.CynLogger:INFO:#### EXECUTION STARTED ####
2017-09-16 18:15:10:CynCrypto.lib.CynLogger:INFO:Default Logger configuration successful loaded.
2017-09-16 18:15:10:CynCrypto.lib.CynLogger:INFO:User Logger configuration successful loaded.
2017-09-16 18:18:37:CynCrypto.lib.CynLogger:INFO:#### EXECUTION STARTED ####
2017-09-16 18:18:37:CynCrypto.lib.CynLogger:INFO:Default Logger configuration successful loaded.
2017-09-16 18:18:37:CynCrypto.lib.CynLogger:INFO:User Logger configuration successful loaded.
2017-09-16 18:19:40:CynCrypto.lib.CynLogger:INFO:#### EXECUTION STARTED ####
2017-09-16 18:19:40:CynCrypto.lib.CynLogger:INFO:Default Logger configuration successful loaded.
2017-09-16 18:19:40:CynCrypto.lib.CynLogger:INFO:User Logger configuration successful loaded.
2017-09-16 18:27:06:CynCrypto.lib.CynLogger:INFO:#### EXECUTION STARTED ####
2017-09-16 18:27:06:CynCrypto.lib.CynLogger:INFO:Default Logger configuration successful loaded.
2017-09-16 18:27:06:CynCrypto.lib.CynLogger:INFO:User Logger configuration successful loaded.
2017-09-16 18:29:51:CynCrypto.lib.CynLogger:INFO:#### EXECUTION STARTED ####
2017-09-16 18:29:51:CynCrypto.lib.CynLogger:INFO:Default Logger configuration successful loaded.
2017-09-16 18:29:51:CynCrypto.lib.CynLogger:INFO:User Logger configuration successful loaded.
2017-09-16 18:30:05:CynCrypto.lib.CynLogger:INFO:#### EXECUTION STARTED ####
2017-09-16 18:30:05:CynCrypto.lib.CynLogger:INFO:Default Logger configuration successful loaded.
2017-09-16 18:30:05:CynCrypto.lib.CynLogger:INFO:User Logger configuration successful loaded.
2017-09-16 18:31:04:CynCrypto.lib.CynLogger:INFO:#### EXECUTION STARTED ####
2017-09-16 18:31:04:CynCrypto.lib.CynLogger:INFO:Default Logger configuration successful loaded.
2017-09-16 18:31:04:CynCrypto.lib.CynLogger:INFO:User Logger configuration successful loaded.
2017-09-16 18:31:20:CynCrypto.lib.CynLogger:INFO:#### EXECUTION STARTED ####
2017-09-16 18:31:20:CynCrypto.lib.CynLogger:INFO:Default Logger configuration successful loaded.
2017-09-16 18:31:20:CynCrypto.lib.CynLogger:INFO:User Logger configuration successful loaded.
2017-09-16 18:31:36:CynCrypto.lib.CynLogger:INFO:#### EXECUTION STARTED ####
2017-09-16 18:31:36:CynCrypto.lib.CynLogger:INFO:Default Logger configuration successful loaded.
2017-09-16 18:31:36:CynCrypto.lib.CynLogger:INFO:User Logger configuration successful loaded.
2017-09-16 18:34:58:CynCrypto.lib.CynLogger:INFO:#### EXECUTION STARTED ####
2017-09-16 18:34:58:CynCrypto.lib.CynLogger:INFO:Default Logger configuration successful loaded.
2017-09-16 18:34:58:CynCrypto.lib.CynLogger:INFO:User Logger configuration successful loaded.
2017-09-16 18:35:29:CynCrypto.lib.CynLogger:INFO:#### EXECUTION STARTED ####
2017-09-16 18:35:29:CynCrypto.lib.CynLogger:INFO:Default Logger configuration successful loaded.
2017-09-16 18:35:29:CynCrypto.lib.CynLogger:INFO:User Logger configuration successful loaded.
2017-09-16 18:37:57:CynCrypto.lib.CynLogger:INFO:#### EXECUTION STARTED ####
2017-09-16 18:37:57:CynCrypto.lib.CynLogger:INFO:Default Logger configuration successful loaded.
2017-09-16 18:37:57:CynCrypto.lib.CynLogger:INFO:User Logger configuration successful loaded.
2017-09-16 23:23:28:CynCrypto.lib.CynLogger:INFO:#### EXECUTION STARTED ####
2017-09-16 23:23:28:CynCrypto.lib.CynLogger:INFO:Default Logger configuration successful loaded.
2017-09-16 23:23:28:CynCrypto.lib.CynLogger:INFO:User Logger configuration successful loaded.
2017-09-16 23:24:36:CynCrypto.lib.CynLogger:INFO:#### EXECUTION STARTED ####
2017-09-16 23:24:36:CynCrypto.lib.CynLogger:INFO:Default Logger configuration successful loaded.
2017-09-16 23:24:36:CynCrypto.lib.CynLogger:INFO:User Logger configuration successful loaded.
2017-09-16 23:25:03:CynCrypto.lib.CynLogger:INFO:#### EXECUTION STARTED ####
2017-09-16 23:25:03:CynCrypto.lib.CynLogger:INFO:Default Logger configuration successful loaded.
2017-09-16 23:25:03:CynCrypto.lib.CynLogger:INFO:User Logger configuration successful loaded.
2017-09-16 23:40:52:CynCrypto.lib.CynLogger:INFO:#### EXECUTION STARTED ####
2017-09-16 23:40:52:CynCrypto.lib.CynLogger:INFO:Default Logger configuration successful loaded.
2017-09-16 23:40:52:CynCrypto.lib.CynLogger:INFO:User Logger configuration successful loaded.
2017-09-16 23:42:35:CynCrypto.lib.CynLogger:INFO:#### EXECUTION STARTED ####
2017-09-16 23:42:35:CynCrypto.lib.CynLogger:INFO:Default Logger configuration successful loaded.
2017-09-16 23:42:35:CynCrypto.lib.CynLogger:INFO:User Logger configuration successful loaded.
2017-09-16 23:53:32:CynCrypto.lib.CynLogger:INFO:#### EXECUTION STARTED ####
2017-09-16 23:53:32:CynCrypto.lib.CynLogger:INFO:Default Logger configuration successful loaded.
2017-09-16 23:53:32:CynCrypto.lib.CynLogger:INFO:User Logger configuration successful loaded.
2017-09-28 05:17:44:CynCrypto.lib.CynLogger:INFO:#### EXECUTION STARTED ####
2017-09-28 05:17:44:CynCrypto.lib.CynLogger:INFO:Default Logger configuration successful loaded.
2017-09-28 05:17:44:CynCrypto.lib.CynLogger:INFO:User Logger configuration successful loaded.
2017-09-28 05:18:26:CynCrypto.lib.CynLogger:INFO:#### EXECUTION STARTED ####
2017-09-28 05:18:26:CynCrypto.lib.CynLogger:INFO:Default Logger configuration successful loaded.
2017-09-28 05:18:26:CynCrypto.lib.CynLogger:INFO:User Logger configuration successful loaded.
2017-09-28 05:19:00:CynCrypto.lib.CynLogger:INFO:#### EXECUTION STARTED ####
2017-09-28 05:19:00:CynCrypto.lib.CynLogger:INFO:Default Logger configuration successful loaded.
2017-09-28 05:19:00:CynCrypto.lib.CynLogger:INFO:User Logger configuration successful loaded.
2017-09-28 05:19:20:CynCrypto.lib.CynLogger:INFO:#### EXECUTION STARTED ####
2017-09-28 05:19:20:CynCrypto.lib.CynLogger:INFO:Default Logger configuration successful loaded.
2017-09-28 05:19:20:CynCrypto.lib.CynLogger:INFO:User Logger configuration successful loaded.
2017-09-28 05:19:46:CynCrypto.lib.CynLogger:INFO:#### EXECUTION STARTED ####
2017-09-28 05:19:46:CynCrypto.lib.CynLogger:INFO:Default Logger configuration successful loaded.
2017-09-28 05:19:46:CynCrypto.lib.CynLogger:INFO:User Logger configuration successful loaded.
2017-09-28 05:20:12:CynCrypto.lib.CynLogger:INFO:#### EXECUTION STARTED ####
2017-09-28 05:20:12:CynCrypto.lib.CynLogger:INFO:Default Logger configuration successful loaded.
2017-09-28 05:20:12:CynCrypto.lib.CynLogger:INFO:User Logger configuration successful loaded.
2017-09-28 05:20:18:CynCrypto.lib.CynLogger:INFO:#### EXECUTION STARTED ####
2017-09-28 05:20:18:CynCrypto.lib.CynLogger:INFO:Default Logger configuration successful loaded.
2017-09-28 05:20:18:CynCrypto.lib.CynLogger:INFO:User Logger configuration successful loaded.
2017-09-28 05:20:50:CynCrypto.lib.CynLogger:INFO:#### EXECUTION STARTED ####
2017-09-28 05:20:50:CynCrypto.lib.CynLogger:INFO:Default Logger configuration successful loaded.
2017-09-28 05:20:50:CynCrypto.lib.CynLogger:INFO:User Logger configuration successful loaded.
2017-09-28 05:21:12:CynCrypto.lib.CynLogger:INFO:#### EXECUTION STARTED ####
2017-09-28 05:21:12:CynCrypto.lib.CynLogger:INFO:Default Logger configuration successful loaded.
2017-09-28 05:21:12:CynCrypto.lib.CynLogger:INFO:User Logger configuration successful loaded.
2017-09-28 05:21:50:CynCrypto.lib.CynLogger:INFO:#### EXECUTION STARTED ####
2017-09-28 05:21:50:CynCrypto.lib.CynLogger:INFO:Default Logger configuration successful loaded.
2017-09-28 05:21:50:CynCrypto.lib.CynLogger:INFO:User Logger configuration successful loaded.
2017-09-28 05:22:30:CynCrypto.lib.CynLogger:INFO:#### EXECUTION STARTED ####
2017-09-28 05:22:30:CynCrypto.lib.CynLogger:INFO:Default Logger configuration successful loaded.
2017-09-28 05:22:30:CynCrypto.lib.CynLogger:INFO:User Logger configuration successful loaded.
2017-09-28 05:23:20:CynCrypto.lib.CynLogger:INFO:#### EXECUTION STARTED ####
2017-09-28 05:23:20:CynCrypto.lib.CynLogger:INFO:Default Logger configuration successful loaded.
2017-09-28 05:23:20:CynCrypto.lib.CynLogger:INFO:User Logger configuration successful loaded.
2017-09-28 05:24:34:CynCrypto.lib.CynLogger:INFO:#### EXECUTION STARTED ####
2017-09-28 05:24:34:CynCrypto.lib.CynLogger:INFO:Default Logger configuration successful loaded.
2017-09-28 05:24:34:CynCrypto.lib.CynLogger:INFO:User Logger configuration successful loaded.
2017-09-28 05:24:49:CynCrypto.lib.CynLogger:INFO:#### EXECUTION STARTED ####
2017-09-28 05:24:49:CynCrypto.lib.CynLogger:INFO:Default Logger configuration successful loaded.
2017-09-28 05:24:49:CynCrypto.lib.CynLogger:INFO:User Logger configuration successful loaded.
